<?xml version="1.0" encoding="UTF-8"?>
<testng-results skipped="0" failed="0" ignored="0" total="1" passed="1">
  <reporter-output>
  </reporter-output>
  <suite name="Default suite" duration-ms="15261" started-at="2020-08-09T21:11:27Z" finished-at="2020-08-09T21:11:42Z">
    <groups>
    </groups>
    <test name="Default test" duration-ms="15261" started-at="2020-08-09T21:11:27Z" finished-at="2020-08-09T21:11:42Z">
      <class name="com.nexttech.stepdefs.Action">
        <test-method status="PASS" signature="clickdropdown()[pri:0, instance:com.nexttech.stepdefs.Action@7dc7cbad]" name="clickdropdown" duration-ms="15177" started-at="2020-08-09T16:11:27Z" finished-at="2020-08-09T16:11:42Z">
          <reporter-output>
          </reporter-output>
        </test-method> <!-- clickdropdown -->
      </class> <!-- com.nexttech.stepdefs.Action -->
    </test> <!-- Default test -->
  </suite> <!-- Default suite -->
</testng-results>
